Qflow placement logfile created on Sun Aug 2 14:31:08 IST 2020
Running blif2cel to generate input files for graywolf
blif2cel.tcl --blif /home/praharsha/pnr_test/AMUX2_3V_top.blif  --lef  /usr/local/share/qflow/tech/osu018/osu018_stdcells.lef --hard-macro /home/praharsha/pnr_test/source/AMUX2_3V/AMUX2_3V.lef --cel /home/praharsha/pnr_test/AMUX2_3V_top.cel 
Opened BLIF file (/home/praharsha/pnr_test/AMUX2_3V_top.blif) for reading ...
Opened CEL file (/home/praharsha/pnr_test/AMUX2_3V_top.cel) for writing...
Loaded /home/praharsha/pnr_test/source/AMUX2_3V/AMUX2_3V.lef file for reading...
Loaded /usr/local/share/qflow/tech/osu018/osu018_stdcells.lef file for reading...
1st pass of blif file /home/praharsha/pnr_test/AMUX2_3V_top.blif. . .
Reading macros and/or technology data from LEF file. . .
LEF file specifies route layer Y pitch as 1
LEF file specifies route layer X pitch as 0.8
Parsing macro BUFX2
Reading macros from hard macro LEF file. . .
Unexpected input in LEF file:  Only macro defs were expected!
Line is:    NOWIREEXTENSIONATPIN ON ;
Parsing hard macro AMUX2_3V
2nd pass of blif file. . .
3rd pass of blif file. . .
Done!
No AMUX2_3V_top.cel1 file found for project. . . no partial blockages to apply to layout.
No AMUX2_3V_top.cel2 file found for project. . . continuing without pin placement hints
Running GrayWolf placement
graywolf  AMUX2_3V_top
ERROR[TWgetfont]:font:9x15 not available - using default:fixed

twflow version:2.1 date:Mon May 25 21:15:08 EDT 1992
Authors: Bill Swartz, Carl Sechen
         Yale University

syntax version:v1.1 date:Mon May 25 21:11:10 EDT 1992
TimberWolf System Syntax Checker
Authors: Carl Sechen, Kai-Win Lee, Bill Swartz,
         Dahe Chen, and Jimmy Lam
         Yale University

No syntax errors were found

syntax terminated normally with no errors and 0 warning[s]


----------------------------
Total stdcells     :1
Total cell width   :2.40e+02
Total cell height  :1.00e+03
Total cell area    :2.40e+05
Total core area    :2.40e+05
Average cell height:1.00e+03


nocut - replacement for Mincut version:v1.0 date:Mon May 25 21:09:40 EDT 1992
TimberWolf System Floorplan Setup Program
Authors: Carl Sechen, Bill Swartz,
         Yale University

Splitting AMUX2_3V_top.cel into AMUX2_3V_top.scel and AMUX2_3V_top.mcel...
	done!


nocut - replacement for Mincut terminated normally with no errors and 0 warning[s]


TimberWolfMC version:v2.2 date:Mon May 25 21:18:34 EDT 1992
Authors: Carl Sechen, Bill Swartz, Kai-Win Lee
         Dahe Chen, and Jimmy Lam
         Yale University
ERROR[TWgetfont]:font:9x15 not available - using default:fixed
  1   2   3   4   5   6   7   8   9  10  11  12  13  14  15 
 16  17  18  19  20  21  22  23  24  25  26  27  28  29  30 
 31  32  33  34  35  36  37  38  39  40  41  42  43  44  45 
 46  47  48  49  50  51  52  53  54  55  56  57  58  59  60 
 61  62  63  64  65  66  67  68  69  70  71  72  73  74  75 
 76  77  78  79  80  81  82  83  84  85  86  87  88  89  90 
 91  92  93  94  95  96  97  98  99 100 101 102 103 104 105 
106 107 108 109 110 111 112 113 114 115 116 117 118 119 120 
121 122 123 124 125 126 127 128 129 130 131 132 133 134 135 
136 137 138 139 140 141 142 143 144 145 146 147 148 149 150 
151 152 153 154 155 
mc.compactor version:v1.0 date:Mon May 25 21:07:13 EDT 1992
compactor switches:
	Violation removal only
	Graphics mode off

[preprocess_multi]:Fixing multiple tiles...
[preprocess_multi]:Verifying multiple tiles...
Violation removal completed...

mc.compactor terminated normally with no errors and 0 warning[s]

ERROR[TWgetfont]:font:9x15 not available - using default:fixed
WARNING[read_vertices]:Total row length is smaller that minimum tile length

config version:v1.0 date:Mon May 25 20:57:18 EDT 1992
Row configuration program
    Yale University


config switches:
	Graphics mode on
	config will inherit window

Minimum tile set to total row length / 2

Note: restore state file exists:AMUX2_3V_top


config terminated abnormally with 1 error[s] and 1 warning[s]

WARNING[space_pins]:overflow for cell:1 pin:pin6
WARNING[space_pins]:overflow for cell:1 pin:pin2

TimberWolfMC terminated abnormally with 1 error[s] and 2 warning[s]

ERROR[TWgetfont]:font:9x15 not available - using default:fixed


TimberWolfSC switches:
	Graphics mode on
	TimberWolfSC will inherit window

TimberWolfSC version:v6.0 date:Mon May 25 21:19:07 EDT 1992
Row-Based Placement and Global Routing Program
Authors: Carl Sechen, Kai-Win Lee, and Bill Swartz,
         Yale University
  0 
  1   2   3   4   5   6   7   8   9  10  11  12  13  14  15 
 16  17  18  19  20  21  22  23  24  25  26  27  28  29  30 
 31  32  33  34  35  36  37  38  39  40  41  42 X Error of failed request:  BadWindow (invalid Window parameter)
  Major opcode of failed request:  61 (X_ClearArea)
  Resource id in failed request:  0x3e00004
  Serial number of failed request:  2163
  Current serial number in output stream:  2217
XIO:  fatal IO error 11 (Resource temporarily unavailable) on X server ":0"
      after 445 requests (445 known processed) with 0 events remaining.
graywolf failed with exit status 1
Premature exit.
Synthesis flow stopped on error condition.
